#
# A fatal error has been detected by the Java Runtime Environment:
#
#  EXCEPTION_ACCESS_VIOLATION (0xc0000005) at pc=0x00007ffb48d0f5f4, pid=2160, tid=6416
#
# JRE version: Java(TM) SE Runtime Environment (17.0.5+9) (build 17.0.5+9-LTS-191)
# Java VM: Java HotSpot(TM) 64-Bit Server VM (17.0.5+9-LTS-191, mixed mode, sharing, tiered, compressed oops, compressed class ptrs, g1 gc, windows-amd64)
# Problematic frame:
# V  [jvm.dll+0x55f5f4]
#
# No core dump will be written. Minidumps are not enabled by default on client versions of Windows
#
# If you would like to submit a bug report, please visit:
#   https://bugreport.java.com/bugreport/crash.jsp
#

---------------  S U M M A R Y ------------

Command Line: -javaagent:C:\Program Files\JetBrains\IntelliJ IDEA Community Edition 2022.2.3\lib\idea_rt.jar=61876:C:\Program Files\JetBrains\IntelliJ IDEA Community Edition 2022.2.3\bin -Dfile.encoding=UTF-8 com.example.demo.DemoApplication

Host: Intel(R) Core(TM) i5-4690K CPU @ 3.50GHz, 4 cores, 15G,  Windows 10 , 64 bit Build 19041 (10.0.19041.1889)
Time: Sun Oct 23 21:34:27 2022 Eastern Daylight Time elapsed time: 1.935677 seconds (0d 0h 0m 1s)

---------------  T H R E A D  ---------------

Current thread (0x000001e819f27ad0):  JavaThread "C2 CompilerThread1" daemon [_thread_in_native, id=6416, stack(0x0000003a07f00000,0x0000003a08000000)]


Current CompileTask:
C2:   1935 2597   !   4       jdk.internal.loader.BuiltinClassLoader::loadClassOrNull (143 bytes)

Stack: [0x0000003a07f00000,0x0000003a08000000],  sp=0x0000003a07ffbc20,  free space=1007k
Native frames: (J=compiled Java code, j=interpreted, Vv=VM code, C=native code)
V  [jvm.dll+0x55f5f4]
V  [jvm.dll+0x678b2b]
V  [jvm.dll+0x679e44]
V  [jvm.dll+0x67842d]
V  [jvm.dll+0x21608f]
V  [jvm.dll+0x2150e1]
V  [jvm.dll+0x1a18ed]
V  [jvm.dll+0x22493a]
V  [jvm.dll+0x222aa5]
V  [jvm.dll+0x7885db]
V  [jvm.dll+0x782b4a]
V  [jvm.dll+0x671d75]
C  [ucrtbase.dll+0x21bb2]
C  [KERNEL32.DLL+0x17034]
C  [ntdll.dll+0x526a1]


siginfo: EXCEPTION_ACCESS_VIOLATION (0xc0000005), reading address 0x0000000000000008


Register to memory mapping:

RIP=0x00007ffb48d0f5f4 jvm.dll
RAX=0x0 is NULL
RBX=0x000000000000026e is an unknown value
RCX=0x000001e818af4138 points into unknown readable memory: 0x0000000000000000 | 00 00 00 00 00 00 00 00
RDX=0x000000000000026e is an unknown value
RSP=0x0000003a07ffbc20 is pointing into the stack for thread: 0x000001e819f27ad0
RBP=0x000001e81cc4d0a8 points into unknown readable memory: 0x00007ffb49033b88 | 88 3b 03 49 fb 7f 00 00
RSI=0x000001e818af4138 points into unknown readable memory: 0x0000000000000000 | 00 00 00 00 00 00 00 00
RDI=0x000001e81a8503e0 points into unknown readable memory: 0x00007ffb49077a28 | 28 7a 07 49 fb 7f 00 00
R8 =0x0000000000000254 is an unknown value
R9 =0x00007ffbc1541b0c VCRUNTIME140.dll
R10=0x0000000000000007 is an unknown value
R11=0x000001e81a8503d0 points into unknown readable memory: 0x0000000000000000 | 00 00 00 00 00 00 00 00
R12=0x000001e81b2b3b98 points into unknown readable memory: 0x00007ffb4907df40 | 40 df 07 49 fb 7f 00 00
R13=0x0 is NULL
R14=0x000001e81a8500a0 points into unknown readable memory: 0x0000000200000000 | 00 00 00 00 02 00 00 00
R15=0x000001e81a8503b0 points into unknown readable memory: 0x0000000100000000 | 00 00 00 00 01 00 00 00


Registers:
RAX=0x0000000000000000, RBX=0x000000000000026e, RCX=0x000001e818af4138, RDX=0x000000000000026e
RSP=0x0000003a07ffbc20, RBP=0x000001e81cc4d0a8, RSI=0x000001e818af4138, RDI=0x000001e81a8503e0
R8 =0x0000000000000254, R9 =0x00007ffbc1541b0c, R10=0x0000000000000007, R11=0x000001e81a8503d0
R12=0x000001e81b2b3b98, R13=0x0000000000000000, R14=0x000001e81a8500a0, R15=0x000001e81a8503b0
RIP=0x00007ffb48d0f5f4, EFLAGS=0x0000000000010287

Top of Stack: (sp=0x0000003a07ffbc20)
0x0000003a07ffbc20:   000000000000026e 0000000000000002
0x0000003a07ffbc30:   000001e81a8502b0 0000000000000008
0x0000003a07ffbc40:   000001e818af4138 00007ffb48e28b2b
0x0000003a07ffbc50:   0000003a07ffd260 000000000000026e
0x0000003a07ffbc60:   000001e81cc4d0a8 0000000000000007
0x0000003a07ffbc70:   000001e81a850380 000001e81a8500a0
0x0000003a07ffbc80:   00000080ffffff00 0000000000000000
0x0000003a07ffbc90:   00007ffb48feef00 0000000000000000
0x0000003a07ffbca0:   00007ffb00000000 0000003a07ffd200
0x0000003a07ffbcb0:   000000000000005a 0000000000000000
0x0000003a07ffbcc0:   0000000000000000 ffffffffffffffff
0x0000003a07ffbcd0:   00000001ffff0000 0000000000000000
0x0000003a07ffbce0:   0000000307ffd200 000001e81a8ecd80
0x0000003a07ffbcf0:   0000000000000008 000001e81a8502b0
0x0000003a07ffbd00:   000001e81a8503b0 000001e81c89b740
0x0000003a07ffbd10:   000001e81a850390 000001e81c89b600 

Instructions: (pc=0x00007ffb48d0f5f4)
0x00007ffb48d0f4f4:   32 e4 4d 8b f9 4c 8b ea 4c 8b f1 8b f5 39 69 20
0x00007ffb48d0f504:   76 77 66 66 0f 1f 84 00 00 00 00 00 49 8b 5e 10
0x00007ffb48d0f514:   8b c6 48 8b 1c c3 8b 43 2c 83 e0 7f 3c 47 75 51
0x00007ffb48d0f524:   48 8b 4b 08 4c 39 71 30 75 47 48 8b 49 28 33 d2
0x00007ffb48d0f534:   e8 a7 38 0f 00 48 8b 4c 24 60 33 d2 48 8b f8 e8
0x00007ffb48d0f544:   98 38 0f 00 48 3b f8 75 5d 4d 85 ed 74 23 80 7b
0x00007ffb48d0f554:   2c c7 75 1d 48 85 ed 75 08 48 8b eb 41 b4 01 eb
0x00007ffb48d0f564:   10 48 3b eb 74 0b 45 32 e4 4d 85 ff 74 03 49 89
0x00007ffb48d0f574:   1f ff c6 41 3b 76 20 72 93 4d 85 ed 74 09 45 84
0x00007ffb48d0f584:   e4 74 04 49 89 6d 00 b0 01 48 8b 5c 24 50 48 8b
0x00007ffb48d0f594:   6c 24 58 48 8b 74 24 68 48 83 c4 20 41 5f 41 5e
0x00007ffb48d0f5a4:   41 5d 41 5c 5f c3 4d 85 ff 74 03 49 89 1f 32 c0
0x00007ffb48d0f5b4:   eb d7 cc cc cc cc cc cc cc cc cc cc 48 8b 05 69
0x00007ffb48d0f5c4:   34 59 00 c3 cc cc cc cc cc cc cc cc 48 83 ec 28
0x00007ffb48d0f5d4:   8b 41 2c 25 ff 07 00 00 3d 00 04 00 00 74 24 0f
0x00007ffb48d0f5e4:   1f 40 00 66 0f 1f 84 00 00 00 00 00 48 8b 41 08
0x00007ffb48d0f5f4:   48 8b 48 08 8b 41 2c 25 ff 07 00 00 3d 00 04 00
0x00007ffb48d0f604:   00 75 e9 48 8b 01 33 d2 ff 90 80 00 00 00 4c 8b
0x00007ffb48d0f614:   c8 8b 40 58 45 8b 41 5c 41 3b c0 77 12 8b c8 49
0x00007ffb48d0f624:   8b 14 c9 48 85 d2 75 11 ff c0 41 3b c0 76 ee b8
0x00007ffb48d0f634:   ff ff ff ff 48 83 c4 28 c3 48 0f bc ca c1 e0 06
0x00007ffb48d0f644:   03 c1 48 83 c4 28 c3 cc cc cc cc cc 48 89 4c 24
0x00007ffb48d0f654:   08 48 89 54 24 10 4c 89 44 24 18 4c 89 4c 24 20
0x00007ffb48d0f664:   48 83 ec 28 4c 8b c1 4c 8d 4c 24 38 48 8d 0d 49
0x00007ffb48d0f674:   cf 58 00 ba 02 00 00 00 e8 3f 76 00 00 48 83 c4
0x00007ffb48d0f684:   28 c3 cc cc cc cc cc cc cc cc cc cc 48 89 4c 24
0x00007ffb48d0f694:   08 48 89 54 24 10 4c 89 44 24 18 4c 89 4c 24 20
0x00007ffb48d0f6a4:   48 83 ec 28 4c 8b c1 4c 8d 4c 24 38 48 8d 0d 29
0x00007ffb48d0f6b4:   bb 57 00 ba 03 00 00 00 e8 ff 75 00 00 48 83 c4
0x00007ffb48d0f6c4:   28 c3 cc cc cc cc cc cc cc cc cc cc 48 89 4c 24
0x00007ffb48d0f6d4:   08 48 89 54 24 10 4c 89 44 24 18 4c 89 4c 24 20
0x00007ffb48d0f6e4:   48 83 ec 28 4c 8b c1 4c 8d 4c 24 38 48 8d 0d c9 


Stack slot to memory mapping:
stack at sp + 0 slots: 0x000000000000026e is an unknown value
stack at sp + 1 slots: 0x0000000000000002 is an unknown value
stack at sp + 2 slots: 0x000001e81a8502b0 points into unknown readable memory: 0x0000000800000008 | 08 00 00 00 08 00 00 00
stack at sp + 3 slots: 0x0000000000000008 is an unknown value
stack at sp + 4 slots: 0x000001e818af4138 points into unknown readable memory: 0x0000000000000000 | 00 00 00 00 00 00 00 00
stack at sp + 5 slots: 0x00007ffb48e28b2b jvm.dll
stack at sp + 6 slots: 0x0000003a07ffd260 is pointing into the stack for thread: 0x000001e819f27ad0
stack at sp + 7 slots: 0x000000000000026e is an unknown value


---------------  P R O C E S S  ---------------

Threads class SMR info:
_java_thread_list=0x000001e81a5e7460, length=14, elements={
0x000001e876e489c0, 0x000001e81937edc0, 0x000001e81937fb40, 0x000001e81938ffe0,
0x000001e8193908a0, 0x000001e819391160, 0x000001e819393a30, 0x000001e819395ef0,
0x000001e8193a2780, 0x000001e819d47ff0, 0x000001e8193640c0, 0x000001e819f27ad0,
0x000001e819fd5680, 0x000001e819fd5b50
}

Java Threads: ( => current thread )
  0x000001e876e489c0 JavaThread "main" [_thread_in_vm, id=19340, stack(0x0000003a06e00000,0x0000003a06f00000)]
  0x000001e81937edc0 JavaThread "Reference Handler" daemon [_thread_blocked, id=19324, stack(0x0000003a07500000,0x0000003a07600000)]
  0x000001e81937fb40 JavaThread "Finalizer" daemon [_thread_blocked, id=4348, stack(0x0000003a07600000,0x0000003a07700000)]
  0x000001e81938ffe0 JavaThread "Signal Dispatcher" daemon [_thread_blocked, id=16368, stack(0x0000003a07700000,0x0000003a07800000)]
  0x000001e8193908a0 JavaThread "Attach Listener" daemon [_thread_blocked, id=7056, stack(0x0000003a07800000,0x0000003a07900000)]
  0x000001e819391160 JavaThread "Service Thread" daemon [_thread_blocked, id=15104, stack(0x0000003a07900000,0x0000003a07a00000)]
  0x000001e819393a30 JavaThread "Monitor Deflation Thread" daemon [_thread_blocked, id=9544, stack(0x0000003a07a00000,0x0000003a07b00000)]
  0x000001e819395ef0 JavaThread "C2 CompilerThread0" daemon [_thread_in_native, id=18880, stack(0x0000003a07b00000,0x0000003a07c00000)]
  0x000001e8193a2780 JavaThread "C1 CompilerThread0" daemon [_thread_in_native, id=11852, stack(0x0000003a07c00000,0x0000003a07d00000)]
  0x000001e819d47ff0 JavaThread "Sweeper thread" daemon [_thread_blocked, id=18292, stack(0x0000003a07d00000,0x0000003a07e00000)]
  0x000001e8193640c0 JavaThread "Common-Cleaner" daemon [_thread_blocked, id=8336, stack(0x0000003a07e00000,0x0000003a07f00000)]
=>0x000001e819f27ad0 JavaThread "C2 CompilerThread1" daemon [_thread_in_native, id=6416, stack(0x0000003a07f00000,0x0000003a08000000)]
  0x000001e819fd5680 JavaThread "Monitor Ctrl-Break" daemon [_thread_in_native, id=18648, stack(0x0000003a08000000,0x0000003a08100000)]
  0x000001e819fd5b50 JavaThread "Notification Thread" daemon [_thread_blocked, id=16792, stack(0x0000003a08100000,0x0000003a08200000)]

Other Threads:
  0x000001e819374290 VMThread "VM Thread" [stack: 0x0000003a07400000,0x0000003a07500000] [id=15096]
  0x000001e819fd6020 WatcherThread [stack: 0x0000003a08200000,0x0000003a08300000] [id=9008]
  0x000001e876eb4700 GCTaskThread "GC Thread#0" [stack: 0x0000003a06f00000,0x0000003a07000000] [id=7444]
  0x000001e81a6e5e20 GCTaskThread "GC Thread#1" [stack: 0x0000003a08300000,0x0000003a08400000] [id=16608]
  0x000001e81a8fec10 GCTaskThread "GC Thread#2" [stack: 0x0000003a08400000,0x0000003a08500000] [id=7588]
  0x000001e81abdfb50 GCTaskThread "GC Thread#3" [stack: 0x0000003a08500000,0x0000003a08600000] [id=244]
  0x000001e876ec6470 ConcurrentGCThread "G1 Main Marker" [stack: 0x0000003a07000000,0x0000003a07100000] [id=13840]
  0x000001e876ec7530 ConcurrentGCThread "G1 Conc#0" [stack: 0x0000003a07100000,0x0000003a07200000] [id=14560]
  0x000001e876f09dc0 ConcurrentGCThread "G1 Refine#0" [stack: 0x0000003a07200000,0x0000003a07300000] [id=5732]
  0x000001e81a5574c0 ConcurrentGCThread "G1 Refine#1" [stack: 0x0000003a08600000,0x0000003a08700000] [id=13712]
  0x000001e876f0a6f0 ConcurrentGCThread "G1 Service" [stack: 0x0000003a07300000,0x0000003a07400000] [id=9840]

Threads with active compile tasks:
C2 CompilerThread0     1960 2842       4       org.springframework.beans.factory.support.AbstractBeanFactory::isFactoryBean (60 bytes)
C1 CompilerThread0     1960 2875       3       org.springframework.core.annotation.AnnotationTypeMappings::forAnnotationType (14 bytes)
C2 CompilerThread1     1960 2597   !   4       jdk.internal.loader.BuiltinClassLoader::loadClassOrNull (143 bytes)

VM state: not at safepoint (normal execution)

VM Mutex/Monitor currently owned by a thread: None

Heap address: 0x0000000700e00000, size: 4082 MB, Compressed Oops mode: Zero based, Oop shift amount: 3

CDS archive(s) mapped at: [0x0000000800000000-0x0000000800bd0000-0x0000000800bd0000), size 12386304, SharedBaseAddress: 0x0000000800000000, ArchiveRelocationMode: 0.
Compressed class space mapped at: 0x0000000800c00000-0x0000000840c00000, reserved size: 1073741824
Narrow klass base: 0x0000000800000000, Narrow klass shift: 0, Narrow klass range: 0x100000000

GC Precious Log:
 CPUs: 4 total, 4 available
 Memory: 16325M
 Large Page Support: Disabled
 NUMA Support: Disabled
 Compressed Oops: Enabled (Zero based)
 Heap Region Size: 2M
 Heap Min Capacity: 8M
 Heap Initial Capacity: 256M
 Heap Max Capacity: 4082M
 Pre-touch: Disabled
 Parallel Workers: 4
 Concurrent Workers: 1
 Concurrent Refinement Workers: 4
 Periodic GC: Disabled

Heap:
 garbage-first heap   total 262144K, used 47290K [0x0000000700e00000, 0x0000000800000000)
  region size 2048K, 23 young (47104K), 2 survivors (4096K)
 Metaspace       used 19676K, committed 19904K, reserved 1073152K
  class space    used 2449K, committed 2560K, reserved 1048576K

Heap Regions: E=young(eden), S=young(survivor), O=old, HS=humongous(starts), HC=humongous(continues), CS=collection set, F=free, OA=open archive, CA=closed archive, TAMS=top-at-mark-start (previous, next)
|   0|0x0000000700e00000, 0x0000000701000000, 0x0000000701000000|100%| O|  |TAMS 0x0000000700e00000, 0x0000000700e00000| Untracked 
|   1|0x0000000701000000, 0x0000000701200000, 0x0000000701200000|100%| O|  |TAMS 0x0000000701000000, 0x0000000701000000| Untracked 
|   2|0x0000000701200000, 0x0000000701200000, 0x0000000701400000|  0%| F|  |TAMS 0x0000000701200000, 0x0000000701200000| Untracked 
|   3|0x0000000701400000, 0x0000000701400000, 0x0000000701600000|  0%| F|  |TAMS 0x0000000701400000, 0x0000000701400000| Untracked 
|   4|0x0000000701600000, 0x0000000701600000, 0x0000000701800000|  0%| F|  |TAMS 0x0000000701600000, 0x0000000701600000| Untracked 
|   5|0x0000000701800000, 0x0000000701800000, 0x0000000701a00000|  0%| F|  |TAMS 0x0000000701800000, 0x0000000701800000| Untracked 
|   6|0x0000000701a00000, 0x0000000701a00000, 0x0000000701c00000|  0%| F|  |TAMS 0x0000000701a00000, 0x0000000701a00000| Untracked 
|   7|0x0000000701c00000, 0x0000000701c00000, 0x0000000701e00000|  0%| F|  |TAMS 0x0000000701c00000, 0x0000000701c00000| Untracked 
|   8|0x0000000701e00000, 0x0000000701e00000, 0x0000000702000000|  0%| F|  |TAMS 0x0000000701e00000, 0x0000000701e00000| Untracked 
|   9|0x0000000702000000, 0x0000000702000000, 0x0000000702200000|  0%| F|  |TAMS 0x0000000702000000, 0x0000000702000000| Untracked 
|  10|0x0000000702200000, 0x0000000702200000, 0x0000000702400000|  0%| F|  |TAMS 0x0000000702200000, 0x0000000702200000| Untracked 
|  11|0x0000000702400000, 0x0000000702400000, 0x0000000702600000|  0%| F|  |TAMS 0x0000000702400000, 0x0000000702400000| Untracked 
|  12|0x0000000702600000, 0x0000000702600000, 0x0000000702800000|  0%| F|  |TAMS 0x0000000702600000, 0x0000000702600000| Untracked 
|  13|0x0000000702800000, 0x0000000702800000, 0x0000000702a00000|  0%| F|  |TAMS 0x0000000702800000, 0x0000000702800000| Untracked 
|  14|0x0000000702a00000, 0x0000000702a00000, 0x0000000702c00000|  0%| F|  |TAMS 0x0000000702a00000, 0x0000000702a00000| Untracked 
|  15|0x0000000702c00000, 0x0000000702c00000, 0x0000000702e00000|  0%| F|  |TAMS 0x0000000702c00000, 0x0000000702c00000| Untracked 
|  16|0x0000000702e00000, 0x0000000702e00000, 0x0000000703000000|  0%| F|  |TAMS 0x0000000702e00000, 0x0000000702e00000| Untracked 
|  17|0x0000000703000000, 0x0000000703000000, 0x0000000703200000|  0%| F|  |TAMS 0x0000000703000000, 0x0000000703000000| Untracked 
|  18|0x0000000703200000, 0x0000000703200000, 0x0000000703400000|  0%| F|  |TAMS 0x0000000703200000, 0x0000000703200000| Untracked 
|  19|0x0000000703400000, 0x0000000703400000, 0x0000000703600000|  0%| F|  |TAMS 0x0000000703400000, 0x0000000703400000| Untracked 
|  20|0x0000000703600000, 0x0000000703600000, 0x0000000703800000|  0%| F|  |TAMS 0x0000000703600000, 0x0000000703600000| Untracked 
|  21|0x0000000703800000, 0x0000000703800000, 0x0000000703a00000|  0%| F|  |TAMS 0x0000000703800000, 0x0000000703800000| Untracked 
|  22|0x0000000703a00000, 0x0000000703a00000, 0x0000000703c00000|  0%| F|  |TAMS 0x0000000703a00000, 0x0000000703a00000| Untracked 
|  23|0x0000000703c00000, 0x0000000703c00000, 0x0000000703e00000|  0%| F|  |TAMS 0x0000000703c00000, 0x0000000703c00000| Untracked 
|  24|0x0000000703e00000, 0x0000000703e00000, 0x0000000704000000|  0%| F|  |TAMS 0x0000000703e00000, 0x0000000703e00000| Untracked 
|  25|0x0000000704000000, 0x0000000704000000, 0x0000000704200000|  0%| F|  |TAMS 0x0000000704000000, 0x0000000704000000| Untracked 
|  26|0x0000000704200000, 0x0000000704200000, 0x0000000704400000|  0%| F|  |TAMS 0x0000000704200000, 0x0000000704200000| Untracked 
|  27|0x0000000704400000, 0x0000000704400000, 0x0000000704600000|  0%| F|  |TAMS 0x0000000704400000, 0x0000000704400000| Untracked 
|  28|0x0000000704600000, 0x0000000704600000, 0x0000000704800000|  0%| F|  |TAMS 0x0000000704600000, 0x0000000704600000| Untracked 
|  29|0x0000000704800000, 0x0000000704800000, 0x0000000704a00000|  0%| F|  |TAMS 0x0000000704800000, 0x0000000704800000| Untracked 
|  30|0x0000000704a00000, 0x0000000704a00000, 0x0000000704c00000|  0%| F|  |TAMS 0x0000000704a00000, 0x0000000704a00000| Untracked 
|  31|0x0000000704c00000, 0x0000000704c00000, 0x0000000704e00000|  0%| F|  |TAMS 0x0000000704c00000, 0x0000000704c00000| Untracked 
|  32|0x0000000704e00000, 0x0000000704e00000, 0x0000000705000000|  0%| F|  |TAMS 0x0000000704e00000, 0x0000000704e00000| Untracked 
|  33|0x0000000705000000, 0x0000000705000000, 0x0000000705200000|  0%| F|  |TAMS 0x0000000705000000, 0x0000000705000000| Untracked 
|  34|0x0000000705200000, 0x0000000705200000, 0x0000000705400000|  0%| F|  |TAMS 0x0000000705200000, 0x0000000705200000| Untracked 
|  35|0x0000000705400000, 0x0000000705400000, 0x0000000705600000|  0%| F|  |TAMS 0x0000000705400000, 0x0000000705400000| Untracked 
|  36|0x0000000705600000, 0x0000000705600000, 0x0000000705800000|  0%| F|  |TAMS 0x0000000705600000, 0x0000000705600000| Untracked 
|  37|0x0000000705800000, 0x0000000705800000, 0x0000000705a00000|  0%| F|  |TAMS 0x0000000705800000, 0x0000000705800000| Untracked 
|  38|0x0000000705a00000, 0x0000000705a00000, 0x0000000705c00000|  0%| F|  |TAMS 0x0000000705a00000, 0x0000000705a00000| Untracked 
|  39|0x0000000705c00000, 0x0000000705c00000, 0x0000000705e00000|  0%| F|  |TAMS 0x0000000705c00000, 0x0000000705c00000| Untracked 
|  40|0x0000000705e00000, 0x0000000705e00000, 0x0000000706000000|  0%| F|  |TAMS 0x0000000705e00000, 0x0000000705e00000| Untracked 
|  41|0x0000000706000000, 0x0000000706000000, 0x0000000706200000|  0%| F|  |TAMS 0x0000000706000000, 0x0000000706000000| Untracked 
|  42|0x0000000706200000, 0x0000000706200000, 0x0000000706400000|  0%| F|  |TAMS 0x0000000706200000, 0x0000000706200000| Untracked 
|  43|0x0000000706400000, 0x0000000706400000, 0x0000000706600000|  0%| F|  |TAMS 0x0000000706400000, 0x0000000706400000| Untracked 
|  44|0x0000000706600000, 0x0000000706600000, 0x0000000706800000|  0%| F|  |TAMS 0x0000000706600000, 0x0000000706600000| Untracked 
|  45|0x0000000706800000, 0x0000000706800000, 0x0000000706a00000|  0%| F|  |TAMS 0x0000000706800000, 0x0000000706800000| Untracked 
|  46|0x0000000706a00000, 0x0000000706a00000, 0x0000000706c00000|  0%| F|  |TAMS 0x0000000706a00000, 0x0000000706a00000| Untracked 
|  47|0x0000000706c00000, 0x0000000706c00000, 0x0000000706e00000|  0%| F|  |TAMS 0x0000000706c00000, 0x0000000706c00000| Untracked 
|  48|0x0000000706e00000, 0x0000000706e00000, 0x0000000707000000|  0%| F|  |TAMS 0x0000000706e00000, 0x0000000706e00000| Untracked 
|  49|0x0000000707000000, 0x0000000707000000, 0x0000000707200000|  0%| F|  |TAMS 0x0000000707000000, 0x0000000707000000| Untracked 
|  50|0x0000000707200000, 0x0000000707200000, 0x0000000707400000|  0%| F|  |TAMS 0x0000000707200000, 0x0000000707200000| Untracked 
|  51|0x0000000707400000, 0x0000000707400000, 0x0000000707600000|  0%| F|  |TAMS 0x0000000707400000, 0x0000000707400000| Untracked 
|  52|0x0000000707600000, 0x0000000707600000, 0x0000000707800000|  0%| F|  |TAMS 0x0000000707600000, 0x0000000707600000| Untracked 
|  53|0x0000000707800000, 0x0000000707800000, 0x0000000707a00000|  0%| F|  |TAMS 0x0000000707800000, 0x0000000707800000| Untracked 
|  54|0x0000000707a00000, 0x0000000707a00000, 0x0000000707c00000|  0%| F|  |TAMS 0x0000000707a00000, 0x0000000707a00000| Untracked 
|  55|0x0000000707c00000, 0x0000000707c00000, 0x0000000707e00000|  0%| F|  |TAMS 0x0000000707c00000, 0x0000000707c00000| Untracked 
|  56|0x0000000707e00000, 0x0000000707e00000, 0x0000000708000000|  0%| F|  |TAMS 0x0000000707e00000, 0x0000000707e00000| Untracked 
|  57|0x0000000708000000, 0x0000000708000000, 0x0000000708200000|  0%| F|  |TAMS 0x0000000708000000, 0x0000000708000000| Untracked 
|  58|0x0000000708200000, 0x0000000708200000, 0x0000000708400000|  0%| F|  |TAMS 0x0000000708200000, 0x0000000708200000| Untracked 
|  59|0x0000000708400000, 0x0000000708400000, 0x0000000708600000|  0%| F|  |TAMS 0x0000000708400000, 0x0000000708400000| Untracked 
|  60|0x0000000708600000, 0x0000000708600000, 0x0000000708800000|  0%| F|  |TAMS 0x0000000708600000, 0x0000000708600000| Untracked 
|  61|0x0000000708800000, 0x0000000708800000, 0x0000000708a00000|  0%| F|  |TAMS 0x0000000708800000, 0x0000000708800000| Untracked 
|  62|0x0000000708a00000, 0x0000000708a00000, 0x0000000708c00000|  0%| F|  |TAMS 0x0000000708a00000, 0x0000000708a00000| Untracked 
|  63|0x0000000708c00000, 0x0000000708c00000, 0x0000000708e00000|  0%| F|  |TAMS 0x0000000708c00000, 0x0000000708c00000| Untracked 
|  64|0x0000000708e00000, 0x0000000708e00000, 0x0000000709000000|  0%| F|  |TAMS 0x0000000708e00000, 0x0000000708e00000| Untracked 
|  65|0x0000000709000000, 0x0000000709000000, 0x0000000709200000|  0%| F|  |TAMS 0x0000000709000000, 0x0000000709000000| Untracked 
|  66|0x0000000709200000, 0x0000000709200000, 0x0000000709400000|  0%| F|  |TAMS 0x0000000709200000, 0x0000000709200000| Untracked 
|  67|0x0000000709400000, 0x0000000709400000, 0x0000000709600000|  0%| F|  |TAMS 0x0000000709400000, 0x0000000709400000| Untracked 
|  68|0x0000000709600000, 0x0000000709600000, 0x0000000709800000|  0%| F|  |TAMS 0x0000000709600000, 0x0000000709600000| Untracked 
|  69|0x0000000709800000, 0x0000000709800000, 0x0000000709a00000|  0%| F|  |TAMS 0x0000000709800000, 0x0000000709800000| Untracked 
|  70|0x0000000709a00000, 0x0000000709a00000, 0x0000000709c00000|  0%| F|  |TAMS 0x0000000709a00000, 0x0000000709a00000| Untracked 
|  71|0x0000000709c00000, 0x0000000709c00000, 0x0000000709e00000|  0%| F|  |TAMS 0x0000000709c00000, 0x0000000709c00000| Untracked 
|  72|0x0000000709e00000, 0x0000000709e00000, 0x000000070a000000|  0%| F|  |TAMS 0x0000000709e00000, 0x0000000709e00000| Untracked 
|  73|0x000000070a000000, 0x000000070a000000, 0x000000070a200000|  0%| F|  |TAMS 0x000000070a000000, 0x000000070a000000| Untracked 
|  74|0x000000070a200000, 0x000000070a200000, 0x000000070a400000|  0%| F|  |TAMS 0x000000070a200000, 0x000000070a200000| Untracked 
|  75|0x000000070a400000, 0x000000070a400000, 0x000000070a600000|  0%| F|  |TAMS 0x000000070a400000, 0x000000070a400000| Untracked 
|  76|0x000000070a600000, 0x000000070a600000, 0x000000070a800000|  0%| F|  |TAMS 0x000000070a600000, 0x000000070a600000| Untracked 
|  77|0x000000070a800000, 0x000000070a800000, 0x000000070aa00000|  0%| F|  |TAMS 0x000000070a800000, 0x000000070a800000| Untracked 
|  78|0x000000070aa00000, 0x000000070aa00000, 0x000000070ac00000|  0%| F|  |TAMS 0x000000070aa00000, 0x000000070aa00000| Untracked 
|  79|0x000000070ac00000, 0x000000070ac00000, 0x000000070ae00000|  0%| F|  |TAMS 0x000000070ac00000, 0x000000070ac00000| Untracked 
|  80|0x000000070ae00000, 0x000000070ae00000, 0x000000070b000000|  0%| F|  |TAMS 0x000000070ae00000, 0x000000070ae00000| Untracked 
|  81|0x000000070b000000, 0x000000070b000000, 0x000000070b200000|  0%| F|  |TAMS 0x000000070b000000, 0x000000070b000000| Untracked 
|  82|0x000000070b200000, 0x000000070b200000, 0x000000070b400000|  0%| F|  |TAMS 0x000000070b200000, 0x000000070b200000| Untracked 
|  83|0x000000070b400000, 0x000000070b400000, 0x000000070b600000|  0%| F|  |TAMS 0x000000070b400000, 0x000000070b400000| Untracked 
|  84|0x000000070b600000, 0x000000070b600000, 0x000000070b800000|  0%| F|  |TAMS 0x000000070b600000, 0x000000070b600000| Untracked 
|  85|0x000000070b800000, 0x000000070b800000, 0x000000070ba00000|  0%| F|  |TAMS 0x000000070b800000, 0x000000070b800000| Untracked 
|  86|0x000000070ba00000, 0x000000070ba00000, 0x000000070bc00000|  0%| F|  |TAMS 0x000000070ba00000, 0x000000070ba00000| Untracked 
|  87|0x000000070bc00000, 0x000000070bc00000, 0x000000070be00000|  0%| F|  |TAMS 0x000000070bc00000, 0x000000070bc00000| Untracked 
|  88|0x000000070be00000, 0x000000070be00000, 0x000000070c000000|  0%| F|  |TAMS 0x000000070be00000, 0x000000070be00000| Untracked 
|  89|0x000000070c000000, 0x000000070c000000, 0x000000070c200000|  0%| F|  |TAMS 0x000000070c000000, 0x000000070c000000| Untracked 
|  90|0x000000070c200000, 0x000000070c200000, 0x000000070c400000|  0%| F|  |TAMS 0x000000070c200000, 0x000000070c200000| Untracked 
|  91|0x000000070c400000, 0x000000070c400000, 0x000000070c600000|  0%| F|  |TAMS 0x000000070c400000, 0x000000070c400000| Untracked 
|  92|0x000000070c600000, 0x000000070c600000, 0x000000070c800000|  0%| F|  |TAMS 0x000000070c600000, 0x000000070c600000| Untracked 
|  93|0x000000070c800000, 0x000000070c800000, 0x000000070ca00000|  0%| F|  |TAMS 0x000000070c800000, 0x000000070c800000| Untracked 
|  94|0x000000070ca00000, 0x000000070ca00000, 0x000000070cc00000|  0%| F|  |TAMS 0x000000070ca00000, 0x000000070ca00000| Untracked 
|  95|0x000000070cc00000, 0x000000070cc00000, 0x000000070ce00000|  0%| F|  |TAMS 0x000000070cc00000, 0x000000070cc00000| Untracked 
|  96|0x000000070ce00000, 0x000000070ce00000, 0x000000070d000000|  0%| F|  |TAMS 0x000000070ce00000, 0x000000070ce00000| Untracked 
|  97|0x000000070d000000, 0x000000070d000000, 0x000000070d200000|  0%| F|  |TAMS 0x000000070d000000, 0x000000070d000000| Untracked 
|  98|0x000000070d200000, 0x000000070d200000, 0x000000070d400000|  0%| F|  |TAMS 0x000000070d200000, 0x000000070d200000| Untracked 
|  99|0x000000070d400000, 0x000000070d400000, 0x000000070d600000|  0%| F|  |TAMS 0x000000070d400000, 0x000000070d400000| Untracked 
| 100|0x000000070d600000, 0x000000070d600000, 0x000000070d800000|  0%| F|  |TAMS 0x000000070d600000, 0x000000070d600000| Untracked 
| 101|0x000000070d800000, 0x000000070d800000, 0x000000070da00000|  0%| F|  |TAMS 0x000000070d800000, 0x000000070d800000| Untracked 
| 102|0x000000070da00000, 0x000000070da00000, 0x000000070dc00000|  0%| F|  |TAMS 0x000000070da00000, 0x000000070da00000| Untracked 
| 103|0x000000070dc00000, 0x000000070dc00000, 0x000000070de00000|  0%| F|  |TAMS 0x000000070dc00000, 0x000000070dc00000| Untracked 
| 104|0x000000070de00000, 0x000000070de00000, 0x000000070e000000|  0%| F|  |TAMS 0x000000070de00000, 0x000000070de00000| Untracked 
| 105|0x000000070e000000, 0x000000070e1006a0, 0x000000070e200000| 50%| E|  |TAMS 0x000000070e000000, 0x000000070e000000| Complete 
| 106|0x000000070e200000, 0x000000070e400000, 0x000000070e400000|100%| E|CS|TAMS 0x000000070e200000, 0x000000070e200000| Complete 
| 107|0x000000070e400000, 0x000000070e600000, 0x000000070e600000|100%| E|CS|TAMS 0x000000070e400000, 0x000000070e400000| Complete 
| 108|0x000000070e600000, 0x000000070e800000, 0x000000070e800000|100%| E|CS|TAMS 0x000000070e600000, 0x000000070e600000| Complete 
| 109|0x000000070e800000, 0x000000070ea00000, 0x000000070ea00000|100%| E|CS|TAMS 0x000000070e800000, 0x000000070e800000| Complete 
| 110|0x000000070ea00000, 0x000000070ec00000, 0x000000070ec00000|100%| E|CS|TAMS 0x000000070ea00000, 0x000000070ea00000| Complete 
| 111|0x000000070ec00000, 0x000000070ee00000, 0x000000070ee00000|100%| E|CS|TAMS 0x000000070ec00000, 0x000000070ec00000| Complete 
| 112|0x000000070ee00000, 0x000000070f000000, 0x000000070f000000|100%| E|CS|TAMS 0x000000070ee00000, 0x000000070ee00000| Complete 
| 113|0x000000070f000000, 0x000000070f02eb60, 0x000000070f200000|  9%| S|CS|TAMS 0x000000070f000000, 0x000000070f000000| Complete 
| 114|0x000000070f200000, 0x000000070f400000, 0x000000070f400000|100%| S|CS|TAMS 0x000000070f200000, 0x000000070f200000| Complete 
| 115|0x000000070f400000, 0x000000070f600000, 0x000000070f600000|100%| E|CS|TAMS 0x000000070f400000, 0x000000070f400000| Complete 
| 116|0x000000070f600000, 0x000000070f800000, 0x000000070f800000|100%| E|CS|TAMS 0x000000070f600000, 0x000000070f600000| Complete 
| 117|0x000000070f800000, 0x000000070fa00000, 0x000000070fa00000|100%| E|CS|TAMS 0x000000070f800000, 0x000000070f800000| Complete 
| 118|0x000000070fa00000, 0x000000070fc00000, 0x000000070fc00000|100%| E|CS|TAMS 0x000000070fa00000, 0x000000070fa00000| Complete 
| 119|0x000000070fc00000, 0x000000070fe00000, 0x000000070fe00000|100%| E|CS|TAMS 0x000000070fc00000, 0x000000070fc00000| Complete 
| 120|0x000000070fe00000, 0x0000000710000000, 0x0000000710000000|100%| E|CS|TAMS 0x000000070fe00000, 0x000000070fe00000| Complete 
| 121|0x0000000710000000, 0x0000000710200000, 0x0000000710200000|100%| E|CS|TAMS 0x0000000710000000, 0x0000000710000000| Complete 
| 122|0x0000000710200000, 0x0000000710400000, 0x0000000710400000|100%| E|CS|TAMS 0x0000000710200000, 0x0000000710200000| Complete 
| 123|0x0000000710400000, 0x0000000710600000, 0x0000000710600000|100%| E|CS|TAMS 0x0000000710400000, 0x0000000710400000| Complete 
| 124|0x0000000710600000, 0x0000000710800000, 0x0000000710800000|100%| E|CS|TAMS 0x0000000710600000, 0x0000000710600000| Complete 
| 125|0x0000000710800000, 0x0000000710a00000, 0x0000000710a00000|100%| E|CS|TAMS 0x0000000710800000, 0x0000000710800000| Complete 
| 126|0x0000000710a00000, 0x0000000710c00000, 0x0000000710c00000|100%| E|CS|TAMS 0x0000000710a00000, 0x0000000710a00000| Complete 
| 127|0x0000000710c00000, 0x0000000710e00000, 0x0000000710e00000|100%| E|CS|TAMS 0x0000000710c00000, 0x0000000710c00000| Complete 

Card table byte_map: [0x000001e87eec0000,0x000001e87f6c0000] _byte_map_base: 0x000001e87b6b9000

Marking Bits (Prev, Next): (CMBitMap*) 0x000001e876eb5c30, (CMBitMap*) 0x000001e876eb5c70
 Prev Bits: [0x000001e80f000000, 0x000001e812fc8000)
 Next Bits: [0x000001e812fd0000, 0x000001e816f98000)

Polling page: 0x000001e874d10000

Metaspace:

Usage:
  Non-class:     16.83 MB used.
      Class:      2.39 MB used.
       Both:     19.23 MB used.

Virtual space:
  Non-class space:       24.00 MB reserved,      17.00 MB ( 71%) committed,  3 nodes.
      Class space:        1.00 GB reserved,       2.50 MB ( <1%) committed,  1 nodes.
             Both:        1.02 GB reserved,      19.50 MB (  2%) committed. 

Chunk freelists:
   Non-Class:  2.87 MB
       Class:  1.48 MB
        Both:  4.35 MB

MaxMetaspaceSize: unlimited
CompressedClassSpaceSize: 1.00 GB
Initial GC threshold: 21.00 MB
Current GC threshold: 21.00 MB
CDS: on
MetaspaceReclaimPolicy: balanced
 - commit_granule_bytes: 65536.
 - commit_granule_words: 8192.
 - virtual_space_node_default_size: 1048576.
 - enlarge_chunks_in_place: 1.
 - new_chunks_are_fully_committed: 0.
 - uncommit_free_chunks: 1.
 - use_allocation_guard: 0.
 - handle_deallocations: 1.


Internal statistics:

num_allocs_failed_limit: 0.
num_arena_births: 226.
num_arena_deaths: 0.
num_vsnodes_births: 4.
num_vsnodes_deaths: 0.
num_space_committed: 312.
num_space_uncommitted: 0.
num_chunks_returned_to_freelist: 0.
num_chunks_taken_from_freelist: 923.
num_chunk_merges: 0.
num_chunk_splits: 615.
num_chunks_enlarged: 465.
num_purges: 0.
num_inconsistent_stats: 0.

CodeHeap 'non-profiled nmethods': size=120000Kb used=1223Kb max_used=1223Kb free=118776Kb
 bounds [0x000001e807ad0000, 0x000001e807d40000, 0x000001e80f000000]
CodeHeap 'profiled nmethods': size=120000Kb used=6176Kb max_used=6176Kb free=113823Kb
 bounds [0x000001e8005a0000, 0x000001e800bb0000, 0x000001e807ad0000]
CodeHeap 'non-nmethods': size=5760Kb used=1226Kb max_used=1240Kb free=4533Kb
 bounds [0x000001e800000000, 0x000001e800270000, 0x000001e8005a0000]
 total_blobs=3352 nmethods=2878 adapters=383
 compilation: enabled
              stopped_count=0, restarted_count=0
 full_count=0

Compilation events (20 events):
Event: 1.916 Thread 0x000001e8193a2780 nmethod 2802 0x000001e800b79290 code [0x000001e800b79420, 0x000001e800b79598]
Event: 1.922 Thread 0x000001e8193a2780 2807       3       org.springframework.asm.Frame::push (109 bytes)
Event: 1.923 Thread 0x000001e8193a2780 nmethod 2807 0x000001e800b79690 code [0x000001e800b79860, 0x000001e800b79e08]
Event: 1.923 Thread 0x000001e8193a2780 2808       3       org.springframework.asm.Frame::merge (395 bytes)
Event: 1.924 Thread 0x000001e8193a2780 nmethod 2808 0x000001e800b7a010 code [0x000001e800b7a2c0, 0x000001e800b7b198]
Event: 1.924 Thread 0x000001e8193a2780 2809       3       org.springframework.asm.Frame::putAbstractType (383 bytes)
Event: 1.924 Thread 0x000001e8193a2780 nmethod 2809 0x000001e800b7b810 code [0x000001e800b7bc40, 0x000001e800b7d398]
Event: 1.924 Thread 0x000001e8193a2780 2810       3       org.springframework.asm.SymbolTable::addConstantUtf8Reference (101 bytes)
Event: 1.925 Thread 0x000001e8193a2780 nmethod 2810 0x000001e800b7de10 code [0x000001e800b7e020, 0x000001e800b7e618]
Event: 1.925 Thread 0x000001e8193a2780 2811       3       org.springframework.asm.MethodWriter::visitAbstractType (8 bytes)
Event: 1.925 Thread 0x000001e8193a2780 nmethod 2811 0x000001e800b7e990 code [0x000001e800b7eb20, 0x000001e800b7ec58]
Event: 1.925 Thread 0x000001e8193a2780 2812       1       org.springframework.cglib.core.Signature::getName (5 bytes)
Event: 1.925 Thread 0x000001e8193a2780 nmethod 2812 0x000001e807bfee90 code [0x000001e807bff020, 0x000001e807bff0f8]
Event: 1.925 Thread 0x000001e8193a2780 2813       1       org.springframework.asm.SymbolTable::getMajorVersion (5 bytes)
Event: 1.925 Thread 0x000001e8193a2780 nmethod 2813 0x000001e807bff190 code [0x000001e807bff320, 0x000001e807bff3f8]
Event: 1.927 Thread 0x000001e8193a2780 2814       3       org.springframework.asm.Symbol::<init> (38 bytes)
Event: 1.927 Thread 0x000001e8193a2780 nmethod 2814 0x000001e800b7ed90 code [0x000001e800b7ef40, 0x000001e800b7f1f8]
Event: 1.928 Thread 0x000001e8193a2780 2815       1       org.springframework.cglib.core.Signature::getDescriptor (5 bytes)
Event: 1.928 Thread 0x000001e8193a2780 nmethod 2815 0x000001e807bff490 code [0x000001e807bff620, 0x000001e807bff6f8]
Event: 1.928 Thread 0x000001e8193a2780 2816       3       org.springframework.asm.ByteVector::putUTF8 (144 bytes)

GC Heap History (6 events):
Event: 0.383 GC heap before
{Heap before GC invocations=0 (full 0):
 garbage-first heap   total 262144K, used 10240K [0x0000000700e00000, 0x0000000800000000)
  region size 2048K, 6 young (12288K), 0 survivors (0K)
 Metaspace       used 3693K, committed 3840K, reserved 1056768K
  class space    used 384K, committed 448K, reserved 1048576K
}
Event: 0.386 GC heap after
{Heap after GC invocations=1 (full 0):
 garbage-first heap   total 262144K, used 4042K [0x0000000700e00000, 0x0000000800000000)
  region size 2048K, 1 young (2048K), 1 survivors (2048K)
 Metaspace       used 3693K, committed 3840K, reserved 1056768K
  class space    used 384K, committed 448K, reserved 1048576K
}
Event: 0.619 GC heap before
{Heap before GC invocations=1 (full 0):
 garbage-first heap   total 262144K, used 14282K [0x0000000700e00000, 0x0000000800000000)
  region size 2048K, 6 young (12288K), 1 survivors (2048K)
 Metaspace       used 6483K, committed 6720K, reserved 1056768K
  class space    used 785K, committed 896K, reserved 1048576K
}
Event: 0.621 GC heap after
{Heap after GC invocations=2 (full 0):
 garbage-first heap   total 262144K, used 5177K [0x0000000700e00000, 0x0000000800000000)
  region size 2048K, 1 young (2048K), 1 survivors (2048K)
 Metaspace       used 6483K, committed 6720K, reserved 1056768K
  class space    used 785K, committed 896K, reserved 1048576K
}
Event: 0.899 GC heap before
{Heap before GC invocations=2 (full 0):
 garbage-first heap   total 262144K, used 27705K [0x0000000700e00000, 0x0000000800000000)
  region size 2048K, 13 young (26624K), 1 survivors (2048K)
 Metaspace       used 13596K, committed 13824K, reserved 1064960K
  class space    used 1680K, committed 1792K, reserved 1048576K
}
Event: 0.901 GC heap after
{Heap after GC invocations=3 (full 0):
 garbage-first heap   total 262144K, used 6330K [0x0000000700e00000, 0x0000000800000000)
  region size 2048K, 2 young (4096K), 2 survivors (4096K)
 Metaspace       used 13596K, committed 13824K, reserved 1064960K
  class space    used 1680K, committed 1792K, reserved 1048576K
}

Deoptimization events (20 events):
Event: 1.645 Thread 0x000001e876e489c0 DEOPT PACKING pc=0x000001e807b75d3c sp=0x0000003a06efda70
Event: 1.645 Thread 0x000001e876e489c0 DEOPT UNPACKING pc=0x000001e8000523a3 sp=0x0000003a06efd998 mode 2
Event: 1.658 Thread 0x000001e876e489c0 Uncommon trap: trap_request=0xffffff45 fr.pc=0x000001e807bdfb10 relative=0x0000000000000430
Event: 1.658 Thread 0x000001e876e489c0 Uncommon trap: reason=unstable_if action=reinterpret pc=0x000001e807bdfb10 method=org.springframework.beans.factory.support.AbstractBeanFactory.getMergedLocalBeanDefinition(Ljava/lang/String;)Lorg/springframework/beans/factory/support/RootBeanDefinition; 
Event: 1.658 Thread 0x000001e876e489c0 DEOPT PACKING pc=0x000001e807bdfb10 sp=0x0000003a06efe490
Event: 1.658 Thread 0x000001e876e489c0 DEOPT UNPACKING pc=0x000001e8000523a3 sp=0x0000003a06efe448 mode 2
Event: 1.671 Thread 0x000001e876e489c0 DEOPT PACKING pc=0x000001e8009487f4 sp=0x0000003a06efd9a0
Event: 1.671 Thread 0x000001e876e489c0 DEOPT UNPACKING pc=0x000001e800052b43 sp=0x0000003a06efcef8 mode 0
Event: 1.674 Thread 0x000001e876e489c0 Uncommon trap: trap_request=0xffffffde fr.pc=0x000001e807bc95d4 relative=0x0000000000000854
Event: 1.674 Thread 0x000001e876e489c0 Uncommon trap: reason=class_check action=maybe_recompile pc=0x000001e807bc95d4 method=org.springframework.util.ConcurrentReferenceHashMap$Segment.findInChain(Lorg/springframework/util/ConcurrentReferenceHashMap$Reference;Ljava/lang/Object;I)Lorg/springfra
Event: 1.674 Thread 0x000001e876e489c0 DEOPT PACKING pc=0x000001e807bc95d4 sp=0x0000003a06efe7e0
Event: 1.674 Thread 0x000001e876e489c0 DEOPT UNPACKING pc=0x000001e8000523a3 sp=0x0000003a06efe618 mode 2
Event: 1.721 Thread 0x000001e876e489c0 Uncommon trap: trap_request=0xffffff45 fr.pc=0x000001e807be61a4 relative=0x00000000000003e4
Event: 1.721 Thread 0x000001e876e489c0 Uncommon trap: reason=unstable_if action=reinterpret pc=0x000001e807be61a4 method=org.springframework.beans.factory.support.AbstractBeanFactory.isFactoryBean(Ljava/lang/String;Lorg/springframework/beans/factory/support/RootBeanDefinition;)Z @ 38 c2
Event: 1.721 Thread 0x000001e876e489c0 DEOPT PACKING pc=0x000001e807be61a4 sp=0x0000003a06efe6f0
Event: 1.721 Thread 0x000001e876e489c0 DEOPT UNPACKING pc=0x000001e8000523a3 sp=0x0000003a06efe6d0 mode 2
Event: 1.875 Thread 0x000001e876e489c0 Uncommon trap: trap_request=0xffffff45 fr.pc=0x000001e807bf20cc relative=0x0000000000002a0c
Event: 1.875 Thread 0x000001e876e489c0 Uncommon trap: reason=unstable_if action=reinterpret pc=0x000001e807bf20cc method=org.springframework.beans.factory.support.AbstractBeanFactory.isTypeMatch(Ljava/lang/String;Lorg/springframework/core/ResolvableType;Z)Z @ 99 c2
Event: 1.875 Thread 0x000001e876e489c0 DEOPT PACKING pc=0x000001e807bf20cc sp=0x0000003a06efeed0
Event: 1.875 Thread 0x000001e876e489c0 DEOPT UNPACKING pc=0x000001e8000523a3 sp=0x0000003a06efee98 mode 2

Classes unloaded (0 events):
No events

Classes redefined (0 events):
No events

Internal exceptions (20 events):
Event: 0.896 Thread 0x000001e876e489c0 Exception <a 'java/lang/ClassNotFoundException'{0x000000070f4ef568}: org/springframework/core/PriorityOrderedCustomizer> (0x000000070f4ef568) 
thrown [s\open\src\hotspot\share\classfile\systemDictionary.cpp, line 256]
Event: 0.896 Thread 0x000001e876e489c0 Exception <a 'java/lang/ClassNotFoundException'{0x000000070f4f2128}: org/springframework/core/OrderedCustomizer> (0x000000070f4f2128) 
thrown [s\open\src\hotspot\share\classfile\systemDictionary.cpp, line 256]
Event: 0.896 Thread 0x000001e876e489c0 Exception <a 'java/lang/ClassNotFoundException'{0x000000070f5b2940}: org/springframework/context/ResourceLoaderAwareCustomizer> (0x000000070f5b2940) 
thrown [s\open\src\hotspot\share\classfile\systemDictionary.cpp, line 256]
Event: 0.897 Thread 0x000001e876e489c0 Exception <a 'java/lang/ClassNotFoundException'{0x000000070f5b6830}: org/springframework/beans/factory/AwareCustomizer> (0x000000070f5b6830) 
thrown [s\open\src\hotspot\share\classfile\systemDictionary.cpp, line 256]
Event: 0.897 Thread 0x000001e876e489c0 Exception <a 'java/lang/ClassNotFoundException'{0x000000070f5b9698}: org/springframework/context/ApplicationStartupAwareCustomizer> (0x000000070f5b9698) 
thrown [s\open\src\hotspot\share\classfile\systemDictionary.cpp, line 256]
Event: 0.897 Thread 0x000001e876e489c0 Exception <a 'java/lang/ClassNotFoundException'{0x000000070f5bd810}: org/springframework/beans/factory/AwareCustomizer> (0x000000070f5bd810) 
thrown [s\open\src\hotspot\share\classfile\systemDictionary.cpp, line 256]
Event: 0.897 Thread 0x000001e876e489c0 Exception <a 'java/lang/ClassNotFoundException'{0x000000070f5c0680}: org/springframework/beans/factory/BeanClassLoaderAwareCustomizer> (0x000000070f5c0680) 
thrown [s\open\src\hotspot\share\classfile\systemDictionary.cpp, line 256]
Event: 0.898 Thread 0x000001e876e489c0 Exception <a 'java/lang/ClassNotFoundException'{0x000000070f5c4558}: org/springframework/beans/factory/AwareCustomizer> (0x000000070f5c4558) 
thrown [s\open\src\hotspot\share\classfile\systemDictionary.cpp, line 256]
Event: 0.898 Thread 0x000001e876e489c0 Exception <a 'java/lang/ClassNotFoundException'{0x000000070f5c71c8}: org/springframework/context/EnvironmentAwareCustomizer> (0x000000070f5c71c8) 
thrown [s\open\src\hotspot\share\classfile\systemDictionary.cpp, line 256]
Event: 0.898 Thread 0x000001e876e489c0 Exception <a 'java/lang/ClassNotFoundException'{0x000000070f5cb038}: org/springframework/beans/factory/AwareCustomizer> (0x000000070f5cb038) 
thrown [s\open\src\hotspot\share\classfile\systemDictionary.cpp, line 256]
Event: 0.906 Thread 0x000001e81a6038e0 Exception <a 'java/lang/NoSuchMethodError'{0x0000000710d34bc0}: 'long java.lang.invoke.DirectMethodHandle$Holder.invokeSpecial(java.lang.Object, java.lang.Object)'> (0x0000000710d34bc0) 
thrown [s\open\src\hotspot\share\interpreter\linkResolver.cpp, line 759]
Event: 0.907 Thread 0x000001e81a6038e0 Exception <a 'java/lang/NoSuchMethodError'{0x0000000710d3fa90}: 'long java.lang.invoke.DirectMethodHandle$Holder.invokeStatic(java.lang.Object, java.lang.Object)'> (0x0000000710d3fa90) 
thrown [s\open\src\hotspot\share\interpreter\linkResolver.cpp, line 759]
Event: 0.907 Thread 0x000001e81a6038e0 Exception <a 'java/lang/NoSuchMethodError'{0x0000000710d43090}: 'long java.lang.invoke.DirectMethodHandle$Holder.invokeStaticInit(java.lang.Object, java.lang.Object)'> (0x0000000710d43090) 
thrown [s\open\src\hotspot\share\interpreter\linkResolver.cpp, line 759]
Event: 0.908 Thread 0x000001e81a6038e0 Exception <a 'java/lang/NoSuchMethodError'{0x0000000710d50f48}: 'long java.lang.invoke.DirectMethodHandle$Holder.invokeInterface(java.lang.Object, java.lang.Object)'> (0x0000000710d50f48) 
thrown [s\open\src\hotspot\share\interpreter\linkResolver.cpp, line 759]
Event: 0.908 Thread 0x000001e81a6038e0 Exception <a 'java/lang/IncompatibleClassChangeError'{0x0000000710d544d8}: Found class java.lang.Object, but interface was expected> (0x0000000710d544d8) 
thrown [s\open\src\hotspot\share\interpreter\linkResolver.cpp, line 826]
Event: 0.914 Thread 0x000001e81a6038e0 Exception <a 'java/lang/NoSuchMethodError'{0x0000000710db4130}: 'java.lang.Object java.lang.invoke.DirectMethodHandle$Holder.invokeVirtual(java.lang.Object, java.lang.Object, java.lang.Object, java.lang.Object)'> (0x0000000710db4130) 
thrown [s\open\src\hotspot\share\interpreter\linkResolver.cpp, line 759]
Event: 0.916 Thread 0x000001e876e489c0 Exception <a 'java/lang/NoSuchMethodError'{0x0000000710cda4d0}: 'java.lang.Object java.lang.invoke.DirectMethodHandle$Holder.invokeVirtual(java.lang.Object, java.lang.Object, java.lang.Object)'> (0x0000000710cda4d0) 
thrown [s\open\src\hotspot\share\interpreter\linkResolver.cpp, line 759]
Event: 1.182 Thread 0x000001e876e489c0 Exception <a 'java/lang/IncompatibleClassChangeError'{0x00000007105a66b0}: Found class java.lang.Object, but interface was expected> (0x00000007105a66b0) 
thrown [s\open\src\hotspot\share\interpreter\linkResolver.cpp, line 826]
Event: 1.207 Thread 0x000001e876e489c0 Exception <a 'java/lang/NoSuchMethodError'{0x00000007103f4a90}: 'void java.lang.invoke.DirectMethodHandle$Holder.invokeInterface(java.lang.Object, java.lang.Object, java.lang.Object, java.lang.Object)'> (0x00000007103f4a90) 
thrown [s\open\src\hotspot\share\interpreter\linkResolver.cpp, line 759]
Event: 1.676 Thread 0x000001e876e489c0 Exception <a 'java/lang/NoSuchMethodError'{0x000000070ebf8fa8}: 'java.lang.Object java.lang.invoke.DirectMethodHandle$Holder.invokeStatic(java.lang.Object, java.lang.Object, java.lang.Object, java.lang.Object, int)'> (0x000000070ebf8fa8) 
thrown [s\open\src\hotspot\share\interpreter\linkResolver.cpp, line 759]

VM Operations (20 events):
Event: 0.899 Executing VM operation: G1CollectForAllocation
Event: 0.901 Executing VM operation: G1CollectForAllocation done
Event: 0.910 Executing VM operation: HandshakeAllThreads
Event: 0.910 Executing VM operation: HandshakeAllThreads done
Event: 1.287 Executing VM operation: ICBufferFull
Event: 1.287 Executing VM operation: ICBufferFull done
Event: 1.495 Executing VM operation: HandshakeAllThreads
Event: 1.495 Executing VM operation: HandshakeAllThreads done
Event: 1.549 Executing VM operation: ICBufferFull
Event: 1.549 Executing VM operation: ICBufferFull done
Event: 1.657 Executing VM operation: HandshakeAllThreads
Event: 1.657 Executing VM operation: HandshakeAllThreads done
Event: 1.657 Executing VM operation: HandshakeAllThreads
Event: 1.657 Executing VM operation: HandshakeAllThreads done
Event: 1.671 Executing VM operation: HandshakeAllThreads
Event: 1.671 Executing VM operation: HandshakeAllThreads done
Event: 1.715 Executing VM operation: HandshakeAllThreads
Event: 1.715 Executing VM operation: HandshakeAllThreads done
Event: 1.895 Executing VM operation: HandshakeAllThreads
Event: 1.895 Executing VM operation: HandshakeAllThreads done

Events (20 events):
Event: 1.689 loading class java/util/stream/Streams$ConcatSpliterator done
Event: 1.689 loading class java/util/stream/Streams$ConcatSpliterator$OfRef done
Event: 1.689 loading class java/util/stream/Streams$2
Event: 1.689 loading class java/util/stream/Streams$2 done
Event: 1.710 loading class java/util/stream/ReferencePipeline$15
Event: 1.710 loading class java/util/stream/ReferencePipeline$15 done
Event: 1.711 loading class java/util/stream/ReferencePipeline$15$1
Event: 1.711 loading class java/util/stream/ReferencePipeline$15$1 done
Event: 1.894 loading class java/util/concurrent/ExecutionException
Event: 1.894 loading class java/util/concurrent/ExecutionException done
Event: 1.894 loading class java/util/concurrent/FutureTask
Event: 1.894 loading class java/util/concurrent/RunnableFuture
Event: 1.894 loading class java/util/concurrent/RunnableFuture done
Event: 1.894 loading class java/util/concurrent/FutureTask done
Event: 1.894 loading class java/util/concurrent/FutureTask$WaitNode
Event: 1.894 loading class java/util/concurrent/FutureTask$WaitNode done
Event: 1.928 loading class java/util/DualPivotQuicksort
Event: 1.928 loading class java/util/DualPivotQuicksort done
Event: 1.928 loading class java/util/LinkedList$ListItr
Event: 1.928 loading class java/util/LinkedList$ListItr done


Dynamic libraries:
0x00007ff783b90000 - 0x00007ff783ba0000 	C:\Program Files\Java\jdk-17.0.5\bin\java.exe
0x00007ffbd4d90000 - 0x00007ffbd4f88000 	C:\WINDOWS\SYSTEM32\ntdll.dll
0x00007ffbd3f30000 - 0x00007ffbd3fed000 	C:\WINDOWS\System32\KERNEL32.DLL
0x00007ffbd27c0000 - 0x00007ffbd2a92000 	C:\WINDOWS\System32\KERNELBASE.dll
0x00007ffbd26c0000 - 0x00007ffbd27c0000 	C:\WINDOWS\System32\ucrtbase.dll
0x00007ffbc1540000 - 0x00007ffbc155a000 	C:\Program Files\Java\jdk-17.0.5\bin\VCRUNTIME140.dll
0x00007ffbbf6a0000 - 0x00007ffbbf6b8000 	C:\Program Files\Java\jdk-17.0.5\bin\jli.dll
0x00007ffbd2f20000 - 0x00007ffbd2fce000 	C:\WINDOWS\System32\ADVAPI32.dll
0x00007ffbd2e80000 - 0x00007ffbd2f1e000 	C:\WINDOWS\System32\msvcrt.dll
0x00007ffbd3e90000 - 0x00007ffbd3f2c000 	C:\WINDOWS\System32\sechost.dll
0x00007ffbd3460000 - 0x00007ffbd3585000 	C:\WINDOWS\System32\RPCRT4.dll
0x00007ffbd3ce0000 - 0x00007ffbd3e7d000 	C:\WINDOWS\System32\USER32.dll
0x00007ffbd2d50000 - 0x00007ffbd2d72000 	C:\WINDOWS\System32\win32u.dll
0x00007ffbd3190000 - 0x00007ffbd31bb000 	C:\WINDOWS\System32\GDI32.dll
0x00007ffbd2bf0000 - 0x00007ffbd2cff000 	C:\WINDOWS\System32\gdi32full.dll
0x00007ffbd2b50000 - 0x00007ffbd2bed000 	C:\WINDOWS\System32\msvcp_win.dll
0x00007ffbc32b0000 - 0x00007ffbc354a000 	C:\WINDOWS\WinSxS\amd64_microsoft.windows.common-controls_6595b64144ccf1df_6.0.19041.1110_none_60b5254171f9507e\COMCTL32.dll
0x00007ffbcc5b0000 - 0x00007ffbcc5ba000 	C:\WINDOWS\SYSTEM32\VERSION.dll
0x00007ffbd3380000 - 0x00007ffbd33b0000 	C:\WINDOWS\System32\IMM32.DLL
0x00007ffbc1a50000 - 0x00007ffbc1a5c000 	C:\Program Files\Java\jdk-17.0.5\bin\vcruntime140_1.dll
0x00007ffba71e0000 - 0x00007ffba726d000 	C:\Program Files\Java\jdk-17.0.5\bin\msvcp140.dll
0x00007ffb487b0000 - 0x00007ffb49372000 	C:\Program Files\Java\jdk-17.0.5\bin\server\jvm.dll
0x00007ffbd3370000 - 0x00007ffbd3378000 	C:\WINDOWS\System32\PSAPI.DLL
0x00007ffbbec50000 - 0x00007ffbbec59000 	C:\WINDOWS\SYSTEM32\WSOCK32.dll
0x00007ffbcb350000 - 0x00007ffbcb377000 	C:\WINDOWS\SYSTEM32\WINMM.dll
0x00007ffbd4680000 - 0x00007ffbd46eb000 	C:\WINDOWS\System32\WS2_32.dll
0x00007ffbd0d10000 - 0x00007ffbd0d22000 	C:\WINDOWS\SYSTEM32\kernel.appcore.dll
0x00007ffbbdd60000 - 0x00007ffbbdd6a000 	C:\Program Files\Java\jdk-17.0.5\bin\jimage.dll
0x00007ffbc78e0000 - 0x00007ffbc7ac4000 	C:\WINDOWS\SYSTEM32\DBGHELP.DLL
0x00007ffbb17d0000 - 0x00007ffbb17fc000 	C:\WINDOWS\SYSTEM32\dbgcore.DLL
0x00007ffbd2630000 - 0x00007ffbd26b2000 	C:\WINDOWS\System32\bcryptPrimitives.dll
0x00007ffbcfb20000 - 0x00007ffbcfb2e000 	C:\Program Files\Java\jdk-17.0.5\bin\instrument.dll
0x00007ffbad0e0000 - 0x00007ffbad105000 	C:\Program Files\Java\jdk-17.0.5\bin\java.dll
0x00007ffba6a70000 - 0x00007ffba6b46000 	C:\Program Files\Java\jdk-17.0.5\bin\jsvml.dll
0x00007ffbd3590000 - 0x00007ffbd3cd3000 	C:\WINDOWS\System32\SHELL32.dll
0x00007ffbd0560000 - 0x00007ffbd0cf1000 	C:\WINDOWS\SYSTEM32\windows.storage.dll
0x00007ffbd4860000 - 0x00007ffbd4bb4000 	C:\WINDOWS\System32\combase.dll
0x00007ffbd1e90000 - 0x00007ffbd1ec0000 	C:\WINDOWS\SYSTEM32\Wldp.dll
0x00007ffbd33b0000 - 0x00007ffbd345d000 	C:\WINDOWS\System32\SHCORE.dll
0x00007ffbd4cf0000 - 0x00007ffbd4d45000 	C:\WINDOWS\System32\shlwapi.dll
0x00007ffbd23e0000 - 0x00007ffbd23ff000 	C:\WINDOWS\SYSTEM32\profapi.dll
0x00007ffbabf40000 - 0x00007ffbabf58000 	C:\Program Files\Java\jdk-17.0.5\bin\zip.dll
0x00007ffbad190000 - 0x00007ffbad1a9000 	C:\Program Files\Java\jdk-17.0.5\bin\net.dll
0x00007ffbc9830000 - 0x00007ffbc993d000 	C:\WINDOWS\SYSTEM32\WINHTTP.dll
0x00007ffbd1bf0000 - 0x00007ffbd1c5a000 	C:\WINDOWS\system32\mswsock.dll
0x00007ffbac450000 - 0x00007ffbac466000 	C:\Program Files\Java\jdk-17.0.5\bin\nio.dll
0x00007ffbcde60000 - 0x00007ffbcde7a000 	C:\Program Files\JetBrains\IntelliJ IDEA Community Edition 2022.2.3\bin\breakgen64.dll
0x00007ffbabf30000 - 0x00007ffbabf40000 	C:\Program Files\Java\jdk-17.0.5\bin\verify.dll
0x00007ffbcdf00000 - 0x00007ffbcdf09000 	C:\Program Files\Java\jdk-17.0.5\bin\management.dll
0x00007ffbc2fc0000 - 0x00007ffbc2fcb000 	C:\Program Files\Java\jdk-17.0.5\bin\management_ext.dll
0x00007ffbaf860000 - 0x00007ffbaf877000 	C:\WINDOWS\system32\napinsp.dll
0x00007ffb9d140000 - 0x00007ffb9d15b000 	C:\WINDOWS\system32\pnrpnsp.dll
0x00007ffbaeb40000 - 0x00007ffbaeb55000 	C:\WINDOWS\system32\wshbth.dll
0x00007ffbcddd0000 - 0x00007ffbcdded000 	C:\WINDOWS\system32\NLAapi.dll
0x00007ffbd18e0000 - 0x00007ffbd191b000 	C:\WINDOWS\SYSTEM32\IPHLPAPI.DLL
0x00007ffbd1920000 - 0x00007ffbd19ea000 	C:\WINDOWS\SYSTEM32\DNSAPI.dll
0x00007ffbd3e80000 - 0x00007ffbd3e88000 	C:\WINDOWS\System32\NSI.dll
0x00007ffb9d120000 - 0x00007ffb9d132000 	C:\WINDOWS\System32\winrnr.dll
0x00007ffbc78b0000 - 0x00007ffbc78ba000 	C:\Windows\System32\rasadhlp.dll
0x00007ffbc7160000 - 0x00007ffbc71e0000 	C:\WINDOWS\System32\fwpuclnt.dll
0x00007ffbd2600000 - 0x00007ffbd2627000 	C:\WINDOWS\System32\bcrypt.dll

dbghelp: loaded successfully - version: 4.0.5 - missing functions: none
symbol engine: initialized successfully - sym options: 0x614 - pdb path: .;C:\Program Files\Java\jdk-17.0.5\bin;C:\WINDOWS\SYSTEM32;C:\WINDOWS\WinSxS\amd64_microsoft.windows.common-controls_6595b64144ccf1df_6.0.19041.1110_none_60b5254171f9507e;C:\Program Files\Java\jdk-17.0.5\bin\server;C:\Program Files\JetBrains\IntelliJ IDEA Community Edition 2022.2.3\bin

VM Arguments:
jvm_args: -javaagent:C:\Program Files\JetBrains\IntelliJ IDEA Community Edition 2022.2.3\lib\idea_rt.jar=61876:C:\Program Files\JetBrains\IntelliJ IDEA Community Edition 2022.2.3\bin -Dfile.encoding=UTF-8 
java_command: com.example.demo.DemoApplication
java_class_path (initial): D:\demo (4)\demo\target\classes;C:\Users\Jacob\.m2\repository\org\springframework\boot\spring-boot-starter-data-jdbc\2.7.5\spring-boot-starter-data-jdbc-2.7.5.jar;C:\Users\Jacob\.m2\repository\org\springframework\boot\spring-boot-starter-jdbc\2.7.5\spring-boot-starter-jdbc-2.7.5.jar;C:\Users\Jacob\.m2\repository\com\zaxxer\HikariCP\4.0.3\HikariCP-4.0.3.jar;C:\Users\Jacob\.m2\repository\org\springframework\spring-jdbc\5.3.23\spring-jdbc-5.3.23.jar;C:\Users\Jacob\.m2\repository\org\springframework\data\spring-data-jdbc\2.4.5\spring-data-jdbc-2.4.5.jar;C:\Users\Jacob\.m2\repository\org\springframework\data\spring-data-relational\2.4.5\spring-data-relational-2.4.5.jar;C:\Users\Jacob\.m2\repository\org\springframework\data\spring-data-commons\2.7.5\spring-data-commons-2.7.5.jar;C:\Users\Jacob\.m2\repository\org\springframework\spring-tx\5.3.23\spring-tx-5.3.23.jar;C:\Users\Jacob\.m2\repository\org\springframework\spring-context\5.3.23\spring-context-5.3.23.jar;C:\Users\Jacob\.m2\repository\org\springframework\spring-beans\5.3.23\spring-beans-5.3.23.jar;C:\Users\Jacob\.m2\repository\org\slf4j\slf4j-api\1.7.36\slf4j-api-1.7.36.jar;C:\Users\Jacob\.m2\repository\com\fasterxml\jackson\core\jackson-databind\2.13.4.2\jackson-databind-2.13.4.2.jar;C:\Users\Jacob\.m2\repository\com\fasterxml\jackson\core\jackson-annotations\2.13.4\jackson-annotations-2.13.4.jar;C:\Users\Jacob\.m2\repository\com\fasterxml\jackson\core\jackson-core\2.13.4\jackson-core-2.13.4.jar;C:\Users\Jacob\.m2\repository\org\springframework\boot\spring-boot-starter-web\2.7.5\spring-boot-starter-web-2.7.5.jar;C:\Users\Jacob\.m2\repository\org\springframework\boot\spring-boot-starter\2.7.5\spring-boot-starter-2.7.5.jar;C:\Users\Jacob\.m2\repository\org\springframework\boot\spring-boot\2.7.5\spring-boot-2.7.5.jar;C:\Users\Jacob\.m2\repository\org\springframework\boot\spring-boot-autoconfigure\2.7.5\spring-boot-autoconfigure-2.7.5.jar;C:\Users\Jacob\.m2\repository\org\springframework\bo
Launcher Type: SUN_STANDARD

[Global flags]
     intx CICompilerCount                          = 3                                         {product} {ergonomic}
     uint ConcGCThreads                            = 1                                         {product} {ergonomic}
     uint G1ConcRefinementThreads                  = 4                                         {product} {ergonomic}
   size_t G1HeapRegionSize                         = 2097152                                   {product} {ergonomic}
    uintx GCDrainStackTargetSize                   = 64                                        {product} {ergonomic}
   size_t InitialHeapSize                          = 268435456                                 {product} {ergonomic}
   size_t MarkStackSize                            = 4194304                                   {product} {ergonomic}
   size_t MaxHeapSize                              = 4280287232                                {product} {ergonomic}
   size_t MaxNewSize                               = 2566914048                                {product} {ergonomic}
   size_t MinHeapDeltaBytes                        = 2097152                                   {product} {ergonomic}
   size_t MinHeapSize                              = 8388608                                   {product} {ergonomic}
    uintx NonNMethodCodeHeapSize                   = 5832780                                {pd product} {ergonomic}
    uintx NonProfiledCodeHeapSize                  = 122912730                              {pd product} {ergonomic}
    uintx ProfiledCodeHeapSize                     = 122912730                              {pd product} {ergonomic}
    uintx ReservedCodeCacheSize                    = 251658240                              {pd product} {ergonomic}
     bool SegmentedCodeCache                       = true                                      {product} {ergonomic}
   size_t SoftMaxHeapSize                          = 4280287232                             {manageable} {ergonomic}
     bool UseCompressedClassPointers               = true                           {product lp64_product} {ergonomic}
     bool UseCompressedOops                        = true                           {product lp64_product} {ergonomic}
     bool UseG1GC                                  = true                                      {product} {ergonomic}
     bool UseLargePagesIndividualAllocation        = false                                  {pd product} {ergonomic}

Logging:
Log output configuration:
 #0: stdout all=warning uptime,level,tags
 #1: stderr all=off uptime,level,tags

Environment Variables:
JAVA_HOME=C:\Program Files\Java\jdk1.8.0_91
PATH=C:\Program Files\Common Files\Oracle\Java\javapath;C:\Program Files\Haskell\bin;C:\Program Files\Haskell Platform\8.6.3\lib\extralibs\bin;C:\Program Files\Haskell Platform\8.6.3\bin;C:\Program Files (x86)\Common Files\Oracle\Java\javapath;C:\ProgramData\Oracle\Java\javapath;C:\Windows\system32;C:\Windows;C:\Windows\System32\Wbem;C:\Windows\System32\WindowsPowerShell\v1.0\;C:\WINDOWS\system32;C:\WINDOWS;C:\WINDOWS\System32\Wbem;C:\WINDOWS\System32\WindowsPowerShell\v1.0\;C:\Program Files (x86)\Skype\Phone\;C:\Program Files (x86)\NVIDIA Corporation\PhysX\Common;C:\Program Files (x86)\Windows Live\Shared;C:\Program Files\Git\cmd;C:\Program Files\MiKTeX 2.9\miktex\bin\x64\;C:\Program Files\Haskell Platform\8.6.3\mingw\bin;C:\WINDOWS\System32\OpenSSH\;C:\Program Files\TortoiseSVN\bin;C:\Program Files\NVIDIA Corporation\NVIDIA NvDLISR;C:\WINDOWS\system32;C:\WINDOWS;C:\WINDOWS\System32\Wbem;C:\WINDOWS\System32\WindowsPowerShell\v1.0\;C:\WINDOWS\System32\OpenSSH\;C:\Program Files\dotnet\;C:\Program Files\Microsoft SQL Server\130\Tools\Binn\;C:\Program Files\Microsoft SQL Server\Client SDK\ODBC\170\Tools\Binn\;C:\Program Files\Java\jdk1.8.0_91\bin;C:\Program Files\nodejs\;C:\Program Files (x86)\dotnet\;C:\Users\Jacob\AppData\Roaming\cabal\bin;C:\Users\Jacob\AppData\Roaming\local\bin;C:\Users\Jacob\AppData\Local\Programs\Python\Python35\Scripts\;C:\Users\Jacob\AppData\Local\Programs\Python\Python35\;C:\Users\Jacob\AppData\Local\Microsoft\WindowsApps;C:\altera\16.0\modelsim_ase\win32aloem;C:\Users\Jacob\AppData\Local\Programs\Microsoft VS Code\bin;C:\Program Files\PostgreSQL\13\bin;C:\Users\Jacob\.dotnet\tools;C:\Users\Jacob\AppData\Roaming\npm
USERNAME=Jacob
OS=Windows_NT
PROCESSOR_IDENTIFIER=Intel64 Family 6 Model 60 Stepping 3, GenuineIntel



---------------  S Y S T E M  ---------------

OS:
 Windows 10 , 64 bit Build 19041 (10.0.19041.1889)
OS uptime: 0 days 10:59 hours

CPU: total 4 (initial active 4) (4 cores per cpu, 1 threads per core) family 6 model 60 stepping 3 microcode 0x27, cx8, cmov, fxsr, mmx, sse, sse2, sse3, ssse3, sse4.1, sse4.2, popcnt, lzcnt, tsc, tscinvbit, avx, avx2, aes, erms, clmul, bmi1, bmi2, fma, vzeroupper, clflush

Memory: 4k page, system-wide physical 16325M (5523M free)
TotalPageFile size 22542M (AvailPageFile size 2454M)
current process WorkingSet (physical memory assigned to process): 147M, peak: 147M
current process commit charge ("private bytes"): 396M, peak: 399M

vm_info: Java HotSpot(TM) 64-Bit Server VM (17.0.5+9-LTS-191) for windows-amd64 JRE (17.0.5+9-LTS-191), built on Sep 13 2022 17:31:43 by "mach5one" with MS VC++ 16.8 / 16.9 (VS2019)

END.
